"58E8A60F4B",3.109,1.12815
"61D2E9FEDF",3.203,0.996252
"1002A3BF7F",3.234,0.971454
"04896CF0BA",3.422,1.28774
"CB68277612",3.906,2.10086
"BB0CF75317",3.953,0.883276
"3FC2E018EE",4.094,2.80499
"B6A7E0CB07",4.141,2.13599
"49E13D9493",4.828,0.978907
"7380BA13AE",4.859,0.889871
"8FB6846DFA",4.969,2.74214
"6DF2A4A622",5.016,1.82791
"80EA08D9E1",5.047,3.30894
"2B7819676C",5.078,2.10736
"344ECCA985",5.891,2.72339
"D5CA741FD9",6.109,1.32826
"9545E0D131",6.203,0.839253
"15C8CF9B49",6.328,3.1887
"3C61698654",6.375,1.58364
"4CCC7317BF",7.031,2.77884
"CDAC9D641A",7.062,0.614679
"ABF0839D88",7.281,1.06156
"A6434825E6",7.328,3.35563
"1F0A260DD4",7.359,2.53273
"55EB25C583",7.469,2.29359
"FE92CC5805",7.578,0.93288
"C8EC179BB9",8.078,3.48648
"0CB6FC31BD",8.109,3.25307
"4BC3693F67",8.156,1.57325
"D686242C6A",8.25,0.703714
"16F9858C64",8.281,1.54939
"0D1265E5C5",8.328,2.10436
"AFB9F64E20",8.406,3.5039
"199E131E83",8.453,3.07265
"923CD29CDB",8.484,1.16396
"E3F3AC1974",8.547,1.21663
"94BC4571FC",9.234,0.67405
"2CCDEC0797",9.344,0.749642
"F1A016AA4E",9.453,0.813404
"9B40578644",10,1.87694
"2BDD3D852B",10.031,1.87391
"03CBC001F9",10.109,1.1047
"671D14F6D4",10.141,1.6938
"22690E1B45",10.297,0.970977
"F23CA5FD4A",11.359,1.479
"7D4A1200EB",11.391,0.538933
"2AE5497203",11.437,0.539186
"51669E9657",11.484,2.39603
"5B30A941C9",11.516,3.44581
"FB4DE960C5",11.594,0.916388
"5062AE0A8F",11.641,3.63085
"A870BB0EFD",11.828,1.59639
"B573AA3F4D",11.875,1.31298
"F08FB11E8D",12,1.36882
"C76664AC5C",12.891,0.836841
"9449266CFE",12.984,1.67243
"9B09EC81F0",13.031,2.79779
"CD9108D8F6",13.187,3.63831
"531A14AF90",13.312,1.41749
"C330807A80",14.5,4.70122
"01D31863C3",14.672,1.63946
"6E567E1B06",14.766,0.990591
"8F8F999F74",14.797,2.31541
"485A57FE84",14.828,3.73377
"3747C10CFD",14.891,1.7374
"85CDB9AB19",14.969,3.25463
"13AE84AB40",15,3.75689
"84FC669A46",15.187,4.5723
"3A053FF703",15.219,2.06893
"0A7A326EEF",15.281,1.89697
"AD73B62518",15.312,1.56661
"B469064BE7",15.391,2.35777
"1C1552E129",16.937,2.78917
"814E72294D",17.156,3.91186
"A42B41C74A",17.187,1.1598
"C1F47B26C7",17.234,1.36813
"44B4287430",17.328,3.84162
"8D368712DC",17.469,2.43211
"BB62A2F6AA",17.609,2.43266
"D830B8166C",17.75,3.55695
"DB5153A0AA",17.797,2.02789
"76E15699BF",19.609,2.37702
"8318401F81",19.812,3.34054
"2D8CA81235",19.859,1.49886
"09FFD1A9AD",19.906,1.10992
"07C8D8AE93",20.016,6.65875
"DAF02D5C02",20.109,4.70061
"B68422669A",20.156,6.1662
"C8D3A87AD0",20.203,4.1718
"F444A315CD",20.234,5.60774
"B87B6E64D1",20.469,2.62717
"A883D80007",20.703,4.2013
"5A44076C91",20.797,3.72692
"D50352A2C8",20.844,3.47326
"1FF2936785",23.094,7.66489
"D91B5B4D29",23.234,3.04819
"A9DCECC2E0",23.328,8.6872
"4B14307F7B",23.375,3.82034
"E538128A6F",23.422,3.24812
"4117FF9CF4",23.547,2.35211
"A03B8BE323",23.953,6.09738
"A94B3201EF",24.062,7.70755
"5AFA1CE290",24.219,10.1067
"48A1C0832D",24.312,9.97185
"B52F41AD1C",24.531,3.28773
"C6A0C66641",24.656,9.77812
"758179FCE7",28.203,5.01394
"FE6B4BB5D8",28.453,5.62633
"E51B3050AD",28.5,2.57722
"C5536CCF51",28.641,2.06127
"2DF1298935",28.75,1.89556
"82BA473C34",28.953,6.40287
"63589730FA",29,6.36302
"23DFF861C2",29.047,8.20393
"7CC0BC05A5",29.094,7.51306
"EE9740B7EE",29.187,4.47191
"2BC7C34337",29.234,8.98812
"A8D6D7A812",29.281,9.62733
"5366777791",29.453,8.46787
"24E73609DB",29.5,5.62541
"004435964A",29.547,3.28811
"346CFB88AB",29.578,3.23271
"11E3E371F6",29.75,10.738
"56D3EC6C0A",29.797,8.28614
"EA0C2176ED",29.891,8.9367
"03E0A5A1A1",30.016,8.41251
"D171E03C08",30.25,3.54257
"CC146EAD4F",30.328,12.7584
"7250647882",30.484,12.8917
"947F0A0174",30.516,12.4842
"8AC2A74595",30.578,7.71671
"3C3089E203",30.625,12.5708
"E517A941DC",30.922,6.62902
"B811FC75C5",31.016,5.40766
"7564B2A267",35.641,8.558
"DFC17C77F1",35.828,6.97541
"591D2A94DE",36,4.18834
"97A3DB62F5",36.141,8.83177
"5C26CB4EDA",36.281,14.4988
"2061B86DAA",36.328,8.8214
"645ADEB322",36.375,8.72538
"326EFCD0C0",36.578,17.2847
"6DDBE01A7B",36.641,8.72231
"DE00DEA9C6",36.672,10.1254
"71FBEF6315",36.719,9.01354
"6F6688AA8A",36.828,12.6165
"B4A236AA5A",36.875,12.0811
"93FFFDFE24",36.906,11.2363
"BF6D7D3F36",37.062,13.3098
"5DBCACC9FD",37.172,7.43075
"6CA8CD7055",37.281,4.56624
"DCF869F781",37.359,12.6676
"9A63BA4A3B",37.625,16.4918
"97DD62A53B",37.922,18.5424
"C172768490",38.25,8.37288
"7CC6B88EDA",38.375,7.27748
"60AEBE1E1B",38.437,5.82575
"4A31735F35",38.469,5.76816
"810B2B490F",38.5,5.68238
"962524920B",38.734,19.6591
"8E2FC32F8D",38.766,19.3739
"0D24DDC342",38.859,19.1795
"12474D809B",38.953,8.43374
"910BB167AB",39.031,7.73756
"B1AA428999",39.078,7.43408
"40B644F7CD",39.125,5.67768
"6EE80E16D2",44.891,20.7855
"2C9A465A12",45.328,5.24047
"C1E947E1DB",45.422,2.62486
"6AA34860C8",45.562,9.5782
"768EF4C7DB",45.609,9.49763
"6020F0B8DE",45.656,9.51887
"77F90EDCB1",45.703,8.31751
"BCCB81832E",45.734,8.26541
"9A85E51D82",45.781,19.1417
"D343028E43",45.875,7.23053
"82BD82E4B4",45.906,6.91747
"41E7B03C8C",45.953,6.57972
"744F475350",46.625,13.4283
"1E4F0C71E3",46.672,13.0736
"058E466634",46.703,6.3457
"37F49F5C77",46.797,4.17849
"173A75D229",46.875,18.9312
"9E67210D8D",46.922,17.9314
"B703A0DCF5",46.969,16.5592
"FEAD078448",47.062,16.5976
"A48A4CAA74",47.156,13.5838
"E926689C37",47.406,16.8824
"E99FE45939",47.453,15.0529
"170DD7802C",47.484,13.8985
"3254D69CEC",47.531,19.1228
"67B2C595C8",47.625,18.8985
"5E88B74E22",47.766,13.7725
"76B71FEDC7",47.859,22.3871
"CAF3DD502E",47.937,11.6427
"88F6370C3F",48.125,5.29366
"69F90B4861",48.172,24.8216
"4F34852883",48.234,21.6147
"CE49467229",48.281,23.2007
"6CB4EB4ECA",48.5,11.3991
"11C4CE1C39",48.547,9.64415
"90ADA9DE3E",48.609,8.53036
"B144207206",48.641,7.7858
"14E32284A4",48.687,7.4199
"A14700C210",48.922,26.4897
"9D1900E4D6",49.062,25.5347
"ED97F4F334",49.359,10.7727
"6D5053422C",49.5,9.81019
"203F2E38D0",49.547,8.15269
"ED28DCDA51",56.969,26.6792
"E101857992",57.047,24.4075
"29391A296C",57.094,13.6373
"5497152359",57.141,12.878
"0C29617009",57.531,12.3335
"A9D732AA79",57.578,10.1435
"1354A13EB3",57.797,6.33656
"C5A4770469",57.828,14.5612
"96381BCAFA",58.016,12.9362
"1B8D5CAA99",58.062,10.7326
"9D4F8335E1",58.109,30.4744
"03DEEC4DD0",58.156,9.22588
"E9CC877A08",58.297,9.31265
"560A164194",58.344,5.45694
"6A8A093997",58.75,29.3266
"AAB65BAC22",58.875,8.62822
"63EBFED556",58.969,7.86559
"544D9AACD1",59.047,4.97143
"B51680AC16",59.094,4.62313
"ABD39505BB",59.141,18.1479
"33E4C166E8",59.234,15.3466
"9CC3E3163B",59.375,24.8517
"7691B73EEC",59.422,23.978
"3098C6C80D",59.516,23.4263
"0827EE4FEE",59.562,20.4024
"327AF515E1",59.656,14.1642
"ABF2B074B2",59.875,10.4077
"0C7A11386B",60,7.07246
"E1CCF5A275",60.141,24.5333
"88E28E9025",60.219,22.107
"93855D4339",60.297,12.9313
"60F6B9BC0D",60.344,11.3949
"50CAFBD614",60.437,10.4482
"0B8DA18F3E",60.531,6.43579
"FF91FB9F7A",60.625,26.1378
"E1F3E07239",60.672,24.1722
"B789BFDE9D",60.766,23.1286
"1880CFF419",60.812,21.8945
"7E1BD2D1C9",60.953,18.9306
"780A90E287",61,19.7056
"AA766B37B6",61.031,18.3885
"49ABD6D03F",61.094,24.4116
"E66C883F4B",61.375,15.8932
"9ACB673EE3",61.422,14.327
"498E7CF386",61.594,9.23534
"E6C30972C6",61.687,8.12653
"BA473F160F",61.781,34.1334
"B668A346CE",61.828,17.8698
"55442B0745",61.875,31.9015
"218B55AD10",61.906,31.6786
"DE882EF8C4",62,17.5609
"037358FA5E",62.094,30.3476
"914612A881",62.125,28.5436
"369C862EA7",62.266,17.395
"634A71B623",62.391,10.3519
"FDE4ECCF40",62.437,13.9618
"951B320ED6",62.484,10.3393
"4DFB00D4B5",62.672,30.0021
"2DDD4786AF",63.016,16.7
"34864377FD",63.078,9.87576
"9097F80B1F",63.125,9.9208
"605040E38E",72.766,10.3499
"90EE30A32A",72.859,10.3537
"F360E3F0E8",72.906,8.29819
"4771DE61C9",73.031,8.36462
"01922EC977",73.078,8.2963
"9F06BE5AFE",73.25,17.557
"C0346C376F",73.328,17.4454
"E2C4EBDD3C",73.547,15.7816
"A83A0C5996",73.594,15.4323
"FA7B41D15C",73.641,14.9765
"1E88FAA881",73.672,14.2873
"E2E4B1444C",73.766,11.0407
"B854E5CB4A",73.812,9.31169
"8269BE7618",73.844,7.60774
"5064518B78",73.891,38.998
"6FE9FFC5D8",73.937,6.2766
"B7438E0BFA",74.031,37.9289
"4E94656613",74.078,6.37505
"8C61EF43E1",74.125,5.60404
"41E136FCCD",74.172,35.4942
"B20A8A6F21",74.25,34.6732
"2939C5F46A",74.297,4.78032
"C7DDA667C7",74.328,31.7816
"FCF33C8891",74.969,40.4897
"39C54A0DB8",75.062,32.3777
"0CB141ABC9",75.141,19.2935
"F21BB57222",75.234,18.1309
"80A5433215",75.312,31.3229
"486E1CF220",75.375,15.442
"7A33D1CA70",75.469,31.3963
"5A0D4973B6",75.5,18.8614
"6982735907",75.547,28.7331
"3624A44DC1",75.594,27.4142
"62D2275DA8",75.906,9.03001
"90C557F9DE",75.953,31.0906
"20CEAA304B",76,29.5598
"EDFC59EBD9",76.047,25.6932
"3FF526529F",76.141,18.8544
"9185FB4F85",76.187,16.0171
"BBC1AEC223",76.312,14.8078
"603496A3C6",76.391,10.297
"9BF3023909",76.437,8.25125
"B22F194C87",76.562,29.2155
"C47D7BB5DB",76.703,26.5825
"7E28F6D371",76.75,26.2289
"D54AE08A93",76.781,32.4825
"04AD4F3B40",76.875,31.1896
"751D2116E5",76.969,31.0816
"139AAC4F46",77.172,33.8158
"2BA2BC9341",77.234,27.0052
"3D5CD174F1",77.281,26.0007
"C78F3E8747",77.437,22.4049
"4F035AE82A",77.484,21.9724
"5D46F265BE",77.531,42.4872
"74C0639CE2",77.578,40.3014
"3A979A360C",77.672,36.9162
"AF2E96F221",77.844,19.1853
"A21EFBDE45",78.187,41.9336
"2A4154F273",78.234,40.8286
"C6780467E5",78.359,36.871
"72EAD060E2",78.406,36.6732
"FC691B80CE",78.453,21.56
"8CE7597D4D",78.5,36.4485
"9ED2471C14",78.625,21.5173
"7796F58A35",78.672,19.9999
"06F2D29B92",78.797,19.9567
"C19E793EB0",78.875,19.7448
"33F53CBFD0",78.922,19.7864
"1FB1B75B0F",78.953,19.7139
"1F01764E97",79.047,17.5042
"F85E784B47",79.094,18.1385
"3E209F7EBC",79.234,16.8425
"9CFF10DE2E",79.562,43.6591
"3613F64301",79.844,21.814
"6AA426EB25",80.109,13.4949
"167444AE50",92.969,43.96
"8B227E6DE2",93.078,42.5403
"44FA045675",93.125,41.9017
"755DF3B755",93.156,22.8862
"34628D24AD",93.234,21.167
"0D9E5C101D",93.328,20.8737
"6C70DBE62F",94.016,9.16861
"A3EC5F23AE",94.219,22.9678
"87BDA0B5D4",94.266,21.957
"1324111C2B",94.297,17.9123
"700979F2DD",94.406,17.6322
"4D26E100AA",94.453,16.3985
"5C942007CC",94.594,16.4291
"360A9BA583",94.656,15.053
"0042E1E0A2",94.703,13.4407
"498CA56043",94.75,8.08914
"9C31F37252",94.797,8.51051
"74368D6264",94.844,47.9422
"731BFE536F",94.891,7.79546
"9CB77A6986",94.937,7.32239
"2586C0D5A2",94.969,47.0008
"3F528E8F78",95.016,6.61833
"6A6BB05447",95.609,49.1835
"C8096D41B5",95.828,45.2825
"85441C151F",95.875,42.0929
"E9CE104BBC",96.016,19.2968
"947D72D395",96.078,18.4316
"3249BF106F",96.125,41.1289
"1C51D37BC0",96.172,10.9588
"FB4F103C4A",96.219,33.7536
"94CEE8A686",96.391,41.1042
"FE4BB80EFE",96.422,38.0624
"1995D57CFC",96.469,36.2053
"D7E6ECD498",96.578,34.5217
"6D4F6B4199",96.656,32.9911
"D546B45E3B",96.703,32.6267
"D5A6478D6B",96.781,31.0636
"B77935F156",96.875,30.7875
"708DBDAC54",96.922,30.8089
"FAA00E6B1E",97.234,26.8826
"8DB99976D6",97.344,40.5625
"BE29F9464E",97.391,32.5413
"82B68A9D61",97.594,22.7197
"CAC39C58B3",97.641,19.1464
"0E78FE0EC5",97.672,14.9304
"011B35F015",97.781,35.7653
"1F90E82476",97.844,33.0219
"E6D069C666",97.891,33.3155
"3748DAEBC3",97.937,31.5743
"42C9171F6C",97.984,29.003
"B520D74901",98.094,29.6049
"4849E1EEDB",98.141,34.9761
"1CABD4B654",98.203,39.77
"8A0B7AC4E4",98.406,31.0753
"746F702E9E",98.969,28.538
"C96947D7E8",99.062,28.1654
"CB674B4952",99.109,47.2739
"AB1A3C1399",99.141,26.3462
"0BA10C10B3",99.234,20.5418
"04332DAAD0",99.453,15.4219
"CDB218B3D2",99.984,51.6468
"1D55960C68",100.031,48.6543
"6BEB3BEF55",100.078,27.7665
"086B499E7E",100.172,47.7985
"23BD435A07",100.219,45.961
"309D0D5304",100.406,27.0491
"9C3E632B39",100.547,24.9001
"A941FC1B37",100.641,24.6014
"20CD52B539",100.781,22.515
"F9092C7AFE",101.016,19.3594
"1C5F1B3C61",101.109,18.8022
"BAC28D35E4",101.297,15.2049
"62448B2073",101.391,13.8635
"F72EC738B2",101.422,13.0479
"17817DB44E",101.812,30.5711
"4DEDAB3083",101.859,55.1204
"3F8A0C3AB3",101.906,51.8032
"37BE6D21C8",101.953,51.7468
"41F5737237",102,48.593
"97A7D7A926",102.047,47.7308
"B80255EF62",102.187,29.9242
"EF0A644676",102.281,27.9718
"548F8AC6A2",102.375,26.0123
"8D6D06F74F",102.422,21.9867
"A3E571D6DD",102.547,19.2393
"42A30AABFD",118,62.426
"1CB76B6550",118.047,59.2437
"1A7818170D",118.109,28.96
"B4E47A4BBA",118.156,49.8467
"AAD83CDF05",118.344,26.0204
"E03313A015",118.609,20.4227
"0D0CC36039",118.797,14.3941
"285CE96047",118.906,10.3358
"9F1A9F71F3",119.016,8.57678
"6B117FBE5D",119.109,29.1728
"73BE28259F",119.391,28.3053
"CC7447A391",119.5,27.6125
"EA73D1A008",119.547,27.1124
"DB43818190",119.578,26.6548
"78DA5DFCD9",119.625,25.8642
"956FF249C5",119.703,25.6571
"71B1234A59",119.797,25.5404
"3972371EFA",119.828,22.8307
"DC74B5D739",119.891,21.2688
"7C801453FB",119.984,17.369
"5AA3458953",120.078,17.3205
"8B6D278529",120.125,16.1868
"B7EC5F73BD",120.172,15.4597
"8EB596785B",120.266,12.6598
"69236DB279",120.312,10.255
"89D730F954",120.359,12.3749
"E1271FD314",120.406,57.7625
"FFFD4DACE1",120.453,10.0982
"BA61E6A211",120.5,55.3233
"E32382FD89",120.547,9.26702
"6C96FEC7EC",120.641,54.4009
"72BCEC20CA",120.687,8.11455
"9E0B89D029",121.891,59.8838
"1B9466FC34",121.937,58.6544
"2DF6C9E48D",122.141,24.9103
"4A2D1CE421",122.172,21.1102
"578A0EFB78",122.312,15.7108
"3ECA0A10D6",122.406,15.7328
"09E0E9E14A",122.5,49.6518
"93D2AE3C60",122.547,48.2887
"8779683528",122.578,10.9846
"746B516289",122.625,43.3147
"87C46AA913",122.672,36.0101
"DD6DE6C17E",122.719,32.6337
"92AB4BED26",122.875,53.1077
"20116ABC5C",122.922,51.7457
"F88B95AAB9",123.016,51.3598
"102F9460A9",123.062,49.2367
"464902B04E",123.109,46.6071
"6611118D3E",123.156,46.086
"C6D40DE474",123.203,45.4577
"059E4D6F08",123.25,44.9422
"CB574D2A3B",123.297,44.2168
"2C43DA7654",123.391,42.981
"94628AEF37",123.437,41.0538
"5E087858B5",123.484,41.0885
"E6C63C86F8",123.531,36.0706
"D5C1262548",123.578,40.5489
"807C475B83",124.047,18.4575
"16FF3D535A",124.187,54.4592
"F6B2805BF0",124.234,39.1868
"88C1705725",124.281,51.6507
"8C87C58439",124.359,27.9063
"9B387C0F1F",124.453,27.2367
"A18A50BD69",124.547,25.8077
"1DA83CB28B",124.594,14.7306
"098B952486",124.625,17.5966
"F8CF87AE99",124.781,51.4775
"599386BA7C",124.797,50.2923
"882C26F3E0",124.859,45.6081
"131ADD4E0C",124.922,44.339
"C28293CF07",124.953,43.5523
"C238F1FFFC",125.062,40.0289
"1B1785B4A7",125.109,39.9327
"A50935A715",125.141,44.7078
"4EDB3033F5",125.281,37.1313
"B9BEEC89EF",125.328,52.1288
"0C66108F57",125.453,43.6667
"BA31DBE74E",126.062,37.263
"492036B63E",126.234,59.2787
"DFB31253DF",126.328,34.8768
"D374384C24",126.375,28.137
"6A46C9DFEA",126.672,38.0797
"7B9E2C2385",126.828,66.1565
"6E1FDA2F36",126.875,63.6738
"15881BBF80",126.953,35.1862
"DE418533B5",127.062,61.2767
"A675398038",127.109,61.0682
"1388E80E5F",127.172,60.1551
"A39A623A03",127.219,59.6233
"D9FBB695AF",127.531,33.1363
"8A483DA278",127.812,30.618
"95FDF2E047",128.031,25.8161
"01FBDADBFB",128.219,25.8867
"AF712ABBF3",128.266,25.8476
"69AAC208C9",128.359,25.6858
"E830388B73",128.406,24.366
"B0F8C1FC1C",128.453,22.8123
"03169E1646",128.5,22.8302
"EC6690B88D",128.547,19.3301
"77DD69F616",128.609,18.1041
"0470F54D81",128.734,16.2567
"44514E7E3A",129.141,73.8364
"8929EDE7A2",129.25,72.7788
"0A019DDC70",129.328,69.8511
"21E6B23093",129.406,60.0212
"912FCF6160",129.437,36.7353
"DE9A83E604",129.5,34.7423
"C860E58937",129.531,36.5633
"AED0D5FF1A",129.625,33.2904
"6865F35F4F",129.672,20.8363
